2025-07-07 11:17:18,219: This process is not trusted! Input event monitoring will not be possible until it is added to accessibility clients.
2025-07-07 11:17:27,231: Key pressed: A
2025-07-07 11:17:27,309: Key released: 'A'
2025-07-07 11:17:27,872: Special key pressed: Key.backspace
2025-07-07 11:17:27,957: Key released: Key.backspace
2025-07-07 11:17:28,335: Special key pressed: Key.caps_lock
2025-07-07 11:17:28,335: Key released: Key.caps_lock
2025-07-07 11:17:28,676: Key pressed: c
2025-07-07 11:17:28,760: Key released: 'c'
2025-07-07 11:17:28,918: Key pressed: r
2025-07-07 11:17:29,009: Key released: 'r'
2025-07-07 11:17:29,106: Key pressed: e
2025-07-07 11:17:29,185: Key released: 'e'
2025-07-07 11:17:29,324: Key pressed: a
2025-07-07 11:17:29,400: Key released: 'a'
2025-07-07 11:17:29,619: Key pressed: t
2025-07-07 11:17:29,707: Key released: 't'
2025-07-07 11:17:29,862: Key pressed: e
2025-07-07 11:17:29,932: Key released: 'e'
2025-07-07 11:17:30,062: Key pressed: d
2025-07-07 11:17:30,120: Key released: 'd'
2025-07-07 11:17:30,300: Special key pressed: Key.space
2025-07-07 11:17:30,399: Key released: Key.space
2025-07-07 11:17:31,252: Key pressed: a
2025-07-07 11:17:31,331: Key released: 'a'
2025-07-07 11:17:31,606: Special key pressed: Key.space
2025-07-07 11:17:31,701: Key released: Key.space
2025-07-07 11:17:31,860: Key pressed: d
2025-07-07 11:17:31,944: Key released: 'd'
2025-07-07 11:17:32,202: Key pressed: i
2025-07-07 11:17:32,313: Key released: 'i'
2025-07-07 11:17:32,542: Key pressed: s
2025-07-07 11:17:32,604: Key released: 's'
2025-07-07 11:17:32,781: Key pressed: t
2025-07-07 11:17:32,866: Key released: 't'
2025-07-07 11:17:33,047: Special key pressed: Key.space
2025-07-07 11:17:33,144: Key released: Key.space
2025-07-07 11:17:33,272: Key pressed: f
2025-07-07 11:17:33,360: Key released: 'f'
2025-07-07 11:17:34,157: Special key pressed: Key.backspace
2025-07-07 11:17:34,212: Key released: Key.backspace
2025-07-07 11:17:34,517: Key pressed: f
2025-07-07 11:17:34,581: Key released: 'f'
2025-07-07 11:17:35,036: Key pressed: i
2025-07-07 11:17:35,097: Key released: 'i'
2025-07-07 11:17:35,239: Key pressed: l
2025-07-07 11:17:35,319: Key released: 'l'
2025-07-07 11:17:35,552: Key pressed: e
2025-07-07 11:17:35,633: Key released: 'e'
2025-07-07 11:17:35,821: Special key pressed: Key.space
2025-07-07 11:17:35,910: Key released: Key.space
2025-07-07 11:17:36,017: Key pressed: b
2025-07-07 11:17:36,118: Key released: 'b'
2025-07-07 11:17:36,286: Key pressed: u
2025-07-07 11:17:36,379: Key released: 'u'
2025-07-07 11:17:36,512: Key pressed: i
2025-07-07 11:17:36,596: Key released: 'i'
2025-07-07 11:17:36,733: Key pressed: l
2025-07-07 11:17:36,830: Key released: 'l'
2025-07-07 11:17:37,063: Key pressed: d
2025-07-07 11:17:37,144: Key released: 'd'
2025-07-07 11:17:37,263: Special key pressed: Key.space
2025-07-07 11:17:37,363: Key released: Key.space
2025-07-07 11:17:37,868: Key pressed: i
2025-07-07 11:17:37,975: Key released: 'i'
2025-07-07 11:17:38,124: Key pressed: n
2025-07-07 11:17:38,246: Key released: 'n'
2025-07-07 11:17:38,480: Key pressed: s
2025-07-07 11:17:38,552: Key released: 's'
2025-07-07 11:17:38,810: Key pressed: i
2025-07-07 11:17:38,887: Key released: 'i'
2025-07-07 11:17:39,091: Key pressed: d
2025-07-07 11:17:39,186: Key released: 'd'
2025-07-07 11:17:39,279: Key pressed: e
2025-07-07 11:17:39,364: Key released: 'e'
2025-07-07 11:17:39,582: Special key pressed: Key.space
2025-07-07 11:17:39,715: Key released: Key.space
2025-07-07 11:17:44,242: Key pressed: i
2025-07-07 11:17:44,321: Key released: 'i'
2025-07-07 11:17:44,463: Key pressed: n
2025-07-07 11:17:44,560: Key released: 'n'
2025-07-07 11:17:44,788: Key pressed: s
2025-07-07 11:17:44,892: Key released: 's'
2025-07-07 11:17:44,993: Key pressed: e
2025-07-07 11:17:45,077: Key released: 'e'
2025-07-07 11:17:45,172: Key pressed: r
2025-07-07 11:17:45,273: Key released: 'r'
2025-07-07 11:17:45,383: Key pressed: t
2025-07-07 11:17:45,501: Key released: 't'
2025-07-07 11:17:45,704: Key pressed: e
2025-07-07 11:17:45,803: Key released: 'e'
2025-07-07 11:17:45,909: Key pressed: d
2025-07-07 11:17:46,013: Key released: 'd'
2025-07-07 11:17:46,151: Special key pressed: Key.space
2025-07-07 11:17:46,267: Key released: Key.space
2025-07-07 11:17:46,459: Key pressed: e
2025-07-07 11:17:46,547: Key released: 'e'
2025-07-07 11:17:46,672: Key pressed: c
2025-07-07 11:17:46,715: Key released: 'c'
2025-07-07 11:17:46,736: Key pressed: v
2025-07-07 11:17:46,773: Key released: 'v'
2025-07-07 11:17:46,941: Key pressed: v
2025-07-07 11:17:46,956: Key released: 'v'
2025-07-07 11:17:47,871: Special key pressed: Key.backspace
2025-07-07 11:17:47,963: Key released: Key.backspace
2025-07-07 11:17:48,042: Special key pressed: Key.backspace
2025-07-07 11:17:48,135: Key released: Key.backspace
2025-07-07 11:17:49,142: Special key pressed: Key.backspace
2025-07-07 11:17:49,223: Key released: Key.backspace
2025-07-07 11:17:49,508: Key pressed: v
2025-07-07 11:17:49,596: Key released: 'v'
2025-07-07 11:17:49,757: Key pressed: e
2025-07-07 11:17:49,836: Key released: 'e'
2025-07-07 11:17:49,928: Key pressed: r
2025-07-07 11:17:50,016: Key released: 'r'
2025-07-07 11:17:50,181: Key pressed: y
2025-07-07 11:17:50,287: Key released: 'y'
2025-07-07 11:17:50,772: Special key pressed: Key.space
2025-07-07 11:17:50,885: Key released: Key.space
2025-07-07 11:17:51,024: Key pressed: f
2025-07-07 11:17:51,103: Key released: 'f'
2025-07-07 11:17:51,402: Key pressed: i
2025-07-07 11:17:51,486: Key released: 'i'
2025-07-07 11:17:51,604: Key pressed: l
2025-07-07 11:17:51,721: Key released: 'l'
2025-07-07 11:17:52,122: Key pressed: e
2025-07-07 11:17:52,215: Key released: 'e'
2025-07-07 11:17:52,373: Special key pressed: Key.space
2025-07-07 11:17:52,490: Key released: Key.space
2025-07-07 11:17:52,820: Key pressed: i
2025-07-07 11:17:52,921: Key released: 'i'
2025-07-07 11:17:53,058: Key pressed: n
2025-07-07 11:17:53,158: Key released: 'n'
2025-07-07 11:17:53,416: Key pressed: s
2025-07-07 11:17:53,500: Key released: 's'
2025-07-07 11:17:53,746: Key pressed: i
2025-07-07 11:17:53,829: Key released: 'i'
2025-07-07 11:17:54,012: Key pressed: d
2025-07-07 11:17:54,096: Key released: 'd'
2025-07-07 11:17:54,181: Key pressed: e
2025-07-07 11:17:54,277: Key released: 'e'
2025-07-07 11:18:19,294: Key pressed: a
2025-07-07 11:18:19,363: Key released: 'a'
2025-07-07 11:18:19,542: Key pressed: d
2025-07-07 11:18:19,617: Key released: 'd'
2025-07-07 11:18:19,685: Key pressed: d
2025-07-07 11:18:19,766: Key released: 'd'
2025-07-07 11:18:19,862: Key pressed: e
2025-07-07 11:18:19,942: Key released: 'e'
2025-07-07 11:18:20,039: Key pressed: d
2025-07-07 11:18:20,148: Key released: 'd'
2025-07-07 11:18:20,321: Special key pressed: Key.space
2025-07-07 11:18:20,441: Key released: Key.space
2025-07-07 11:18:21,379: Key pressed: j
2025-07-07 11:18:21,379: Key pressed: k
2025-07-07 11:18:21,446: Key released: 'j'
2025-07-07 11:18:21,450: Key released: 'k'
2025-07-07 11:18:21,817: Key pressed: e
2025-07-07 11:18:21,894: Key released: 'e'
2025-07-07 11:18:22,516: Special key pressed: Key.backspace
2025-07-07 11:18:22,589: Key released: Key.backspace
2025-07-07 11:18:22,691: Special key pressed: Key.backspace
2025-07-07 11:18:22,776: Key released: Key.backspace
2025-07-07 11:18:22,861: Special key pressed: Key.backspace
2025-07-07 11:18:22,918: Key released: Key.backspace
2025-07-07 11:18:23,583: Key pressed: k
2025-07-07 11:18:23,664: Key released: 'k'
2025-07-07 11:18:23,901: Key pressed: e
2025-07-07 11:18:23,954: Key released: 'e'
2025-07-07 11:18:24,124: Key pressed: y
2025-07-07 11:18:24,199: Key released: 'y'
2025-07-07 11:18:24,379: Key pressed: s
2025-07-07 11:18:24,450: Key released: 's'
2025-07-07 11:18:24,605: Key pressed: t
2025-07-07 11:18:24,692: Key released: 't'
2025-07-07 11:18:24,795: Key pressed: r
2025-07-07 11:18:24,883: Key released: 'r'
2025-07-07 11:18:25,455: Key pressed: o
2025-07-07 11:18:25,542: Key released: 'o'
2025-07-07 11:18:25,654: Key pressed: k
2025-07-07 11:18:25,742: Key released: 'k'
2025-07-07 11:18:25,974: Key pressed: e
2025-07-07 11:18:26,053: Key released: 'e'
2025-07-07 11:18:26,212: Special key pressed: Key.space
2025-07-07 11:18:26,315: Key released: Key.space
2025-07-07 11:18:26,533: Key pressed: l
2025-07-07 11:18:26,665: Key released: 'l'
2025-07-07 11:18:26,777: Key pressed: o
2025-07-07 11:18:26,864: Key released: 'o'
2025-07-07 11:18:27,053: Key pressed: g
2025-07-07 11:18:27,133: Key released: 'g'
2025-07-07 11:18:39,548: Key pressed: a
2025-07-07 11:18:39,619: Key released: 'a'
2025-07-07 11:18:39,771: Key pressed: d
2025-07-07 11:18:39,854: Key released: 'd'
2025-07-07 11:18:39,926: Key pressed: d
2025-07-07 11:18:40,013: Key released: 'd'
2025-07-07 11:18:40,108: Key pressed: e
2025-07-07 11:18:40,187: Key released: 'e'
2025-07-07 11:18:40,287: Key pressed: d
2025-07-07 11:18:40,384: Key released: 'd'
2025-07-07 11:18:58,727: Special key pressed: Key.backspace
2025-07-07 11:18:58,854: Key released: Key.backspace
2025-07-07 11:18:59,668: Special key pressed: Key.down
2025-07-07 11:18:59,774: Key released: Key.down
2025-07-07 11:19:00,183: Special key pressed: Key.backspace
2025-07-07 11:19:00,355: Key released: Key.backspace
2025-07-07 11:19:08,938: Special key pressed: Key.backspace
2025-07-07 11:19:09,088: Key released: Key.backspace
2025-07-07 11:19:09,547: Special key pressed: Key.backspace
2025-07-07 11:19:09,684: Key released: Key.backspace
2025-07-07 11:19:34,662: Special key pressed: Key.backspace
2025-07-07 11:19:34,843: Key released: Key.backspace
2025-07-07 11:19:35,388: Special key pressed: Key.backspace
2025-07-07 11:19:35,503: Key released: Key.backspace
2025-07-07 11:19:35,822: Special key pressed: Key.backspace
2025-07-07 11:19:35,946: Key released: Key.backspace
2025-07-07 11:19:36,207: Special key pressed: Key.backspace
2025-07-07 11:19:36,335: Key released: Key.backspace
2025-07-07 11:19:36,560: Special key pressed: Key.backspace
2025-07-07 11:19:36,683: Key released: Key.backspace
2025-07-07 11:19:41,461: Special key pressed: Key.backspace
2025-07-07 11:19:41,590: Key released: Key.backspace
2025-07-07 11:19:41,808: Special key pressed: Key.backspace
2025-07-07 11:19:41,933: Key released: Key.backspace
2025-07-07 11:19:42,200: Special key pressed: Key.backspace
2025-07-07 11:19:42,304: Key released: Key.backspace
2025-07-07 11:19:42,572: Special key pressed: Key.backspace
2025-07-07 11:19:42,685: Key released: Key.backspace
2025-07-07 11:19:48,177: Special key pressed: Key.backspace
2025-07-07 11:19:48,322: Key released: Key.backspace
2025-07-07 11:19:48,534: Special key pressed: Key.backspace
2025-07-07 11:19:48,695: Key released: Key.backspace
2025-07-07 11:19:48,849: Special key pressed: Key.backspace
2025-07-07 11:19:49,008: Key released: Key.backspace
2025-07-07 11:19:49,288: Special key pressed: Key.backspace
2025-07-07 11:19:49,433: Key released: Key.backspace
2025-07-07 11:19:53,276: Special key pressed: Key.backspace
2025-07-07 11:19:53,433: Key released: Key.backspace
2025-07-07 11:19:54,404: Special key pressed: Key.down
2025-07-07 11:19:54,500: Key released: Key.down
2025-07-07 11:19:54,825: Special key pressed: Key.backspace
2025-07-07 11:19:54,966: Key released: Key.backspace
2025-07-07 11:20:01,328: Special key pressed: Key.backspace
2025-07-07 11:20:01,462: Key released: Key.backspace
2025-07-07 11:20:01,951: Special key pressed: Key.backspace
2025-07-07 11:20:02,063: Key released: Key.backspace
2025-07-07 11:20:11,934: Special key pressed: Key.backspace
2025-07-07 11:20:12,092: Key released: Key.backspace
2025-07-07 11:20:14,208: Special key pressed: Key.cmd
2025-07-07 11:20:14,375: Key pressed: s
2025-07-07 11:20:14,508: Key released: 's'
2025-07-07 11:20:14,548: Key pressed: s
2025-07-07 11:20:14,840: Key released: 's'
2025-07-07 11:20:14,861: Key released: Key.cmd
2025-07-07 11:20:17,583: Special key pressed: Key.backspace
2025-07-07 11:20:17,671: Key released: Key.backspace
2025-07-07 11:20:18,012: Key pressed: r
2025-07-07 11:20:18,108: Key released: 'r'
2025-07-07 11:20:18,208: Key pressed: e
2025-07-07 11:20:18,288: Key released: 'e'
2025-07-07 11:20:18,659: Key pressed: m
2025-07-07 11:20:18,743: Key released: 'm'
2025-07-07 11:20:18,935: Key pressed: o
2025-07-07 11:20:19,006: Key released: 'o'
2025-07-07 11:20:19,355: Key pressed: v
2025-07-07 11:20:19,447: Key released: 'v'
2025-07-07 11:20:19,611: Key pressed: e
2025-07-07 11:20:19,687: Key released: 'e'
2025-07-07 11:20:19,850: Special key pressed: Key.space
2025-07-07 11:20:19,964: Key released: Key.space
2025-07-07 11:20:20,485: Key pressed: c
2025-07-07 11:20:20,570: Key released: 'c'
2025-07-07 11:20:20,818: Key pressed: o
2025-07-07 11:20:20,902: Key released: 'o'
2025-07-07 11:20:21,090: Key pressed: m
2025-07-07 11:20:21,167: Key released: 'm'
2025-07-07 11:20:21,233: Key pressed: m
2025-07-07 11:20:21,329: Key released: 'm'
2025-07-07 11:20:21,544: Key pressed: e
2025-07-07 11:20:21,621: Key released: 'e'
2025-07-07 11:20:21,907: Key pressed: n
2025-07-07 11:20:21,964: Key released: 'n'
2025-07-07 11:20:22,213: Key pressed: t
2025-07-07 11:20:22,289: Key released: 't'
2025-07-07 11:20:22,448: Special key pressed: Key.space
2025-07-07 11:20:22,548: Key released: Key.space
2025-07-07 11:20:22,918: Key pressed: s
2025-07-07 11:20:23,022: Key released: 's'
2025-07-07 11:20:23,142: Key pressed: e
2025-07-07 11:20:23,234: Key released: 'e'
2025-07-07 11:20:23,386: Key pressed: c
2025-07-07 11:20:23,473: Key released: 'c'
2025-07-07 11:20:23,646: Key pressed: t
2025-07-07 11:20:23,726: Key released: 't'
2025-07-07 11:20:24,000: Key pressed: i
2025-07-07 11:20:24,116: Key released: 'i'
2025-07-07 11:20:24,221: Key pressed: o
2025-07-07 11:20:24,317: Key released: 'o'
2025-07-07 11:20:24,461: Key pressed: n
2025-07-07 11:20:24,545: Key released: 'n'
2025-07-07 11:20:24,660: Special key pressed: Key.space
2025-07-07 11:20:24,743: Key released: Key.space
